"../../../Engine/Content/EditorBlueprintResources/StandardMacros.uasset" 0
"../../../Engine/Content/Functions/Engine_MaterialFunctions02/Texturing/CustomRotator.uasset" 1
"../../Plugins/Enterprise/DatasmithContent/Content/Materials/C4DMasterUV.uasset" 2
"../../Plugins/Enterprise/DatasmithContent/Content/Materials/TileMirrorAxis.uasset" 3
"../../Plugins/Enterprise/DatasmithContent/Content/Materials/UVEdit.uasset" 4
"../../../Engine/Content/Functions/Engine_MaterialFunctions01/Texturing/FlattenNormal.uasset" 5
"../../../Engine/Content/Functions/Engine_MaterialFunctions02/HueShift.uasset" 6
"../../../Engine/Content/ArtTools/RenderToTexture/Textures/127grey.uasset" 7
"../../../Engine/Content/EditorLandscapeResources/WhiteSquareTexture.uasset" 8
"../../../Engine/Content/EngineMaterials/DefaultDiffuse.uasset" 9
"../../../Engine/Content/EngineMaterials/T_Default_Normal.uasset" 10
"../../../Engine/Content/EngineResources/Black.uasset" 11
"../../../Engine/Content/EngineResources/WhiteSquareTexture.uasset" 12
"../../Plugins/Enterprise/DatasmithContent/Content/Materials/C4DMaster.uasset" 13
"../../../Engine/Content/EngineMaterials/FlatNormal.uasset" 14
"../../Plugins/Enterprise/DatasmithContent/Content/Materials/CE_BaseMaster.uasset" 15
"../../Plugins/Enterprise/DatasmithContent/Content/Materials/CE_OpaqueMaster.uasset" 16
"../../../Engine/Content/MapTemplates/Materials/BasicTemplateMaterial.uasset" 17
"../../Plugins/Developer/AnimationSharing/Content/AnimSharingBase.uasset" 18
"../../Plugins/Developer/AnimationSharing/Content/AnimSharingGreen.uasset" 19
"../../Plugins/Developer/AnimationSharing/Content/AnimSharingRed.uasset" 20
"../../../../../../Users/vanz7/Documents/workspace/IOTChess/Content/Asset/CBishop_body1.uasset" 21
"../../../../../../Users/vanz7/Documents/workspace/IOTChess/Content/Asset/CBoard.uasset" 22
"../../../../../../Users/vanz7/Documents/workspace/IOTChess/Content/Asset/CCell.uasset" 23
"../../../../../../Users/vanz7/Documents/workspace/IOTChess/Content/Asset/CKing_body1.uasset" 24
"../../../../../../Users/vanz7/Documents/workspace/IOTChess/Content/Asset/CKnight_body1.uasset" 25
"../../../../../../Users/vanz7/Documents/workspace/IOTChess/Content/source/CPawn/Materials/color_b7b7b7ff.uasset" 26
"../../../../../../Users/vanz7/Documents/workspace/IOTChess/Content/Asset/CPawn_body1.uasset" 27
"../../../../../../Users/vanz7/Documents/workspace/IOTChess/Content/Asset/CQueen_body1.uasset" 28
"../../../../../../Users/vanz7/Documents/workspace/IOTChess/Content/Asset/CRook_body1.uasset" 29
"../../../../../../Users/vanz7/Documents/workspace/IOTChess/Content/Blueprint/2.uasset" 30
"../../../Engine/Content/Animation/DefaultAnimCurveCompressionSettings.uasset" 31
"../../../Engine/Content/Functions/Engine_MaterialFunctions01/Opacity/CameraDepthFade.uasset" 32
"../../../Engine/Content/EngineMaterials/T_Default_Material_Grid_M.uasset" 33
"../../../Engine/Content/EngineMaterials/T_Default_Material_Grid_N.uasset" 34
"../../../Engine/Content/EngineMaterials/WorldGridMaterial.uasset" 35
"../../../Engine/Content/ArtTools/RenderToTexture/Meshes/S_1_Unit_Plane.uasset" 36
"../../../Engine/Content/EngineMaterials/DefaultMaterial.uasset" 37
"../../../Engine/Content/BasicShapes/Cone.uasset" 38
"../../../Engine/Content/BasicShapes/Cube.uasset" 39
"../../../Engine/Content/BasicShapes/Cylinder.uasset" 40
"../../../Engine/Content/BasicShapes/Plane.uasset" 41
"../../../Engine/Content/BasicShapes/Sphere.uasset" 42
"../../../Engine/Content/EditorLandscapeResources/DataLayer.uasset" 43
"../../../Engine/Content/EditorLandscapeResources/DefaultAlphaTexture.uasset" 44
"../../../Engine/Content/EditorMaterials/MAT_Groups_Toggle.uasset" 45
"../../../Engine/Content/EditorMaterials/MAT_Groups_Visibility.uasset" 46
"../../../Engine/Content/EditorMaterials/PreviewShadowIndicator.uasset" 47
"../../../Engine/Content/EditorMaterials/PreviewShadowIndicatorMaterial.uasset" 48
"../../../Engine/Content/EditorMaterials/AssetViewer/EpicQuadPanorama_CC+EV1.uasset" 49
"../../../Engine/Content/EditorMaterials/MatineeGroups/MAT_ColorTrack.uasset" 50
"../../../Engine/Content/EditorMaterials/MatineeGroups/MAT_Groups_Anim.uasset" 51
"../../../Engine/Content/EditorMaterials/MatineeGroups/MAT_Groups_AudioMaster.uasset" 52
"../../../Engine/Content/EditorMaterials/MatineeGroups/MAT_Groups_Director.uasset" 53
"../../../Engine/Content/EditorMaterials/MatineeGroups/MAT_Groups_Event.uasset" 54
"../../../Engine/Content/EditorMaterials/MatineeGroups/MAT_Groups_Fade.uasset" 55
"../../../Engine/Content/EditorMaterials/MatineeGroups/MAT_Groups_Float.uasset" 56
"../../../Engine/Content/EditorMaterials/MatineeGroups/MAT_Groups_Move.uasset" 57
"../../../Engine/Content/EditorMaterials/MatineeGroups/MAT_Groups_Slomo.uasset" 58
"../../../Engine/Content/EditorMaterials/MatineeGroups/MAT_Groups_Sound.uasset" 59
"../../../Engine/Content/EditorMaterials/MatineeGroups/MAT_Groups_Vector.uasset" 60
"../../../Engine/Content/EditorMaterials/ParticleSystems/PSysThumbnail_NoImage.uasset" 61
"../../../Engine/Content/EditorMaterials/ParticleSystems/PSysThumbnail_OOD.uasset" 62
"../../../Engine/Content/EditorMaterials/Camera/CineMat.uasset" 63
"../../../Engine/Content/EditorMaterials/Camera/MI_CineMat_Rig.uasset" 64
"../../../Engine/Content/EditorMeshes/Camera/SM_CraneRig_Arm.uasset" 65
"../../../Engine/Content/EditorMeshes/Camera/SM_CraneRig_Base.uasset" 66
"../../../Engine/Content/EditorMeshes/Camera/SM_CraneRig_Body.uasset" 67
"../../../Engine/Content/EditorMeshes/Camera/SM_CraneRig_Mount.uasset" 68
"../../../Engine/Content/EditorMeshes/Camera/SM_RailRig_Mount.uasset" 69
"../../../Engine/Content/EditorMeshes/Camera/SM_RailRig_Track.uasset" 70
"../../../Engine/Content/EditorResources/BSPVertex.uasset" 71
"../../../Engine/Content/EditorResources/EmptyActor.uasset" 72
"../../../Engine/Content/EditorResources/S_Actor.uasset" 73
"../../../Engine/Content/EditorResources/S_Note.uasset" 74
"../../../Engine/Content/EditorResources/S_Solver.uasset" 75
"../../../Engine/Content/EditorResources/S_Terrain.uasset" 76
"../../../Engine/Content/EditorResources/S_Trigger.uasset" 77
"../../../Engine/Content/EditorResources/LightIcons/S_LightError.uasset" 78
"../../../Engine/Content/EditorResources/SequenceRecorder/Countdown.uasset" 79
"../../../Engine/Content/EditorResources/SequenceRecorder/RecordingIndicator.uasset" 80
"../../../Engine/Content/EditorSounds/Notifications/CompileFailed.uasset" 81
"../../../Engine/Content/EditorSounds/Notifications/CompileFailed_Cue.uasset" 82
"../../../Engine/Content/EditorSounds/Notifications/CompileSuccess.uasset" 83
"../../../Engine/Content/EditorSounds/Notifications/CompileStart_Cue.uasset" 84
"../../../Engine/Content/EditorSounds/Notifications/CompileSuccess_Cue.uasset" 85
"../../../Engine/Content/EngineDamageTypes/DmgTypeBP_Environmental.uasset" 86
"../../../Engine/Content/EngineDebugMaterials/DebugEditorMaterial.uasset" 87
"../../../Engine/Content/EngineDebugMaterials/DebugMeshMaterial.uasset" 88
"../../../Engine/Content/EngineDebugMaterials/M_SimpleUnlitTranslucent.uasset" 89
"../../../Engine/Content/Functions/Engine_MaterialFunctions02/Utility/CameraDirectionVector.uasset" 90
"../../../Engine/Content/EngineDebugMaterials/VolumeToRender.uasset" 91
"../../../Engine/Content/EngineDebugMaterials/M_VolumeRenderSphereTracePP.uasset" 92
"../../../Engine/Content/EngineDebugMaterials/WireframeMaterial.uasset" 93
"../../../Engine/Content/EngineFonts/Faces/DroidSansFallback.uasset" 94
"../../../Engine/Content/EngineFonts/Faces/RobotoBold.uasset" 95
"../../../Engine/Content/EngineFonts/Faces/RobotoBoldItalic.uasset" 96
"../../../Engine/Content/EngineFonts/Faces/RobotoItalic.uasset" 97
"../../../Engine/Content/EngineFonts/Faces/RobotoLight.uasset" 98
"../../../Engine/Content/EngineFonts/Faces/RobotoRegular.uasset" 99
"../../../Engine/Content/EngineFonts/Roboto.uasset" 100
"../../../Engine/Content/EngineMaterials/BaseFlattenDiffuseMap.uasset" 101
"../../../Engine/Content/EngineMaterials/BaseFlattenEmissiveMap.uasset" 102
"../../../Engine/Content/EngineMaterials/BaseFlattenGrayscaleMap.uasset" 103
"../../../Engine/Content/EngineMaterials/BaseFlattenNormalMap.uasset" 104
"../../../Engine/Content/EngineMaterials/BaseFlattenMaterial.uasset" 105
"../../../Engine/Content/EngineMaterials/BlueNoise.uasset" 106
"../../../Engine/Content/EngineMaterials/DefaultBloomKernel.uasset" 107
"../../../Engine/Content/EngineMaterials/DefaultBokeh.uasset" 108
"../../../Engine/Content/EngineMaterials/DefaultDeferredDecalMaterial.uasset" 109
"../../../Engine/Content/EngineMaterials/DefaultLightFunctionMaterial.uasset" 110
"../../../Engine/Content/EngineMaterials/DefaultPhysicalMaterial.uasset" 111
"../../../Engine/Content/Functions/Engine_MaterialFunctions02/Utility/BreakOutFloat2Components.uasset" 112
"../../../Engine/Content/EngineMaterials/DefaultPostProcessMaterial.uasset" 113
"../../../Engine/Content/EngineFonts/RobotoDistanceField.uasset" 114
"../../../Engine/Content/EngineMaterials/DefaultTextMaterialOpaque.uasset" 115
"../../../Engine/Content/EngineMaterials/DefaultWhiteGrid.uasset" 116
"../../../Engine/Content/EngineMaterials/DefaultWhiteGrid_Low.uasset" 117
"../../../Engine/Content/EngineMaterials/EmissiveMeshMaterial.uasset" 118
"../../../Engine/Content/EngineMaterials/GizmoMaterial.uasset" 119
"../../../Engine/Content/EngineMaterials/Good64x64TilingNoiseHighFreq.uasset" 120
"../../../Engine/Content/EngineMaterials/MiniFont.uasset" 121
"../../../Engine/Content/EngineMaterials/InvalidLightmapSettings.uasset" 122
"../../../Engine/Content/EngineMaterials/M_InvalidLightmapSettings.uasset" 123
"../../../Engine/Content/Functions/Engine_MaterialFunctions02/WorldPositionOffset/CameraOffset.uasset" 124
"../../../Engine/Content/EngineMaterials/PhAT_JointLimitMaterial.uasset" 125
"../../../Engine/Content/EngineMaterials/PreintegratedSkinBRDF.uasset" 126
"../../../Engine/Content/EngineMaterials/RemoveSurfaceMaterial.uasset" 127
"../../../Engine/Content/EngineMaterials/WeightMapPlaceholderTexture.uasset" 128
"../../../Engine/Content/EngineMaterials/Widget3DPassThrough.uasset" 129
"../../../Engine/Content/EngineMaterials/Widget3DPassThrough_Masked.uasset" 130
"../../../Engine/Content/EngineMaterials/Widget3DPassThrough_Opaque.uasset" 131
"../../../Engine/Content/EngineMaterials/Widget3DPassThrough_Masked_OneSided.uasset" 132
"../../../Engine/Content/EngineMaterials/Widget3DPassThrough_Opaque_OneSided.uasset" 133
"../../../Engine/Content/EngineMaterials/Widget3DPassThrough_Translucent.uasset" 134
"../../../Engine/Content/EngineMaterials/Widget3DPassThrough_Translucent_OneSided.uasset" 135
"../../../Engine/Content/EngineMeshes/Cylinder.uasset" 136
"../../../Engine/Content/EngineMeshes/Sphere.uasset" 137
"../../../Engine/Content/EngineResources/DefaultTextureCube.uasset" 138
"../../../Engine/Content/EngineResources/DefaultVolumeTexture2D.uasset" 139
"../../../Engine/Content/EngineResources/DefaultVolumeTexture.uasset" 140
"../../../Engine/Content/EngineResources/GradientTexture0.uasset" 141
"../../../Engine/Content/EngineSounds/Master.uasset" 142
"../../../Engine/Content/Functions/Engine_MaterialFunctions01/Shading/ConvertFromDiffSpec.uasset" 143
"../../../Engine/Content/Functions/Engine_MaterialFunctions01/Shading/PowerToRoughness.uasset" 144
"../../../Engine/Content/Maps/Templates/Thumbnails/Default.uasset" 145
"../../../Engine/Content/Maps/Templates/Thumbnails/TimeOfDay.uasset" 146
"../../../Engine/Content/Maps/Templates/Thumbnails/VR-Basic.uasset" 147
"../../../Engine/Content/MobileResources/T_MobileControls_texture.uasset" 148
"../../../Engine/Content/MobileResources/T_MobileMenu2.uasset" 149
"../../../Engine/Content/MobileResources/HUD/AnalogHat.uasset" 150
"../../../Engine/Content/MobileResources/HUD/VirtualJoystick_Background.uasset" 151
"../../../Engine/Content/MobileResources/HUD/VirtualJoystick_Thumb.uasset" 152
"../../../Engine/Content/MobileResources/HUD/DefaultVirtualJoysticks.uasset" 153
"../../../Engine/Content/MobileResources/HUD/LeftVirtualJoystickOnly.uasset" 154
"../../../Engine/Content/MobileResources/HUD/MobileHUDButton1_off.uasset" 155
"../../../Engine/Content/MobileResources/HUD/MobileHUDButton1_on.uasset" 156
"../../../Engine/Content/MobileResources/HUD/MobileHUDButton2_off.uasset" 157
"../../../Engine/Content/MobileResources/HUD/MobileHUDButton2_on.uasset" 158
"../../../Engine/Content/MobileResources/HUD/MobileHUDButton3.uasset" 159
"../../../Engine/Content/MobileResources/HUD/MobileHUDButtonFire.uasset" 160
"../../../Engine/Content/MobileResources/HUD/MobileHUDDirectionPad.uasset" 161
"../../../Engine/Content/MobileResources/HUD/MobileHUDDirectionPad2.uasset" 162
"../../../Engine/Content/MobileResources/HUD/MobileHUDDirectionPad3.uasset" 163
"../../../Engine/Content/MobileResources/HUD/MobileHUDDirectionStick.uasset" 164
"../../../Engine/Content/MobileResources/HUD/T_Castle_ThumbstickInner.uasset" 165
"../../../Engine/Content/MobileResources/HUD/T_Castle_ThumbstickOutter.uasset" 166
"../../../Engine/Content/Tutorial/ContentIntroCurve.uasset" 167
"../../../Engine/Content/Tutorial/Basics/LevelEditorAttract.uasset" 168
"../../../Engine/Content/VREditor/LaserPointer/VR_LaserPower_01.uasset" 169
"../../../Engine/Content/VREditor/TransformGizmo/TransformGizmoMaterial.uasset" 170
"../../../Engine/Content/VREditor/TransformGizmo/TranslucentTransformGizmoMaterial.uasset" 171
"../../../Engine/Content/VREditor/TransformGizmo/BoundingBoxCorner.uasset" 172
"../../../Engine/Content/VREditor/TransformGizmo/BoundingBoxEdge.uasset" 173
"../../../Engine/Content/VREditor/TransformGizmo/PlaneTranslationHandle.uasset" 174
"../../../Engine/Content/VREditor/TransformGizmo/Main.uasset" 175
"../../../Engine/Content/VREditor/TransformGizmo/Xray.uasset" 176
"../../../Engine/Content/VREditor/TransformGizmo/SM_Sequencer_Key.uasset" 177
"../../../Engine/Content/VREditor/TransformGizmo/SM_Sequencer_Node.uasset" 178
"../../Plugins/2D/Paper2D/Content/PlaceholderTextures/DummySpriteTexture.uasset" 179
"../../Plugins/2D/Paper2D/Content/DummySprite.uasset" 180
"../../Plugins/2D/Paper2D/Content/DefaultPaperTerrainMaterial.uasset" 181
"../../Plugins/2D/Paper2D/Content/DummySpriteTexture.uasset" 182
"../../Plugins/2D/Paper2D/Content/DefaultSpriteMaterial.uasset" 183
"../../Plugins/2D/Paper2D/Content/MaskedUnlitSpriteMaterial.uasset" 184
"../../Plugins/2D/Paper2D/Content/OpaqueUnlitSpriteMaterial.uasset" 185
"../../Plugins/Enterprise/DatasmithContent/Content/Materials/CE_OpacityMaster.uasset" 186
"../../Plugins/Enterprise/DatasmithContent/Content/Materials/CE_OpacitySimpleMaster.uasset" 187
"../../../Engine/Content/Functions/Engine_MaterialFunctions03/Procedurals/NormalFromHeightmap.uasset" 188
"../../Plugins/Enterprise/DatasmithContent/Content/Materials/RevitMaster.uasset" 189
"../../Plugins/Enterprise/DatasmithContent/Content/Materials/SketchUpMaster.uasset" 190
"../../Plugins/Enterprise/DatasmithContent/Content/Materials/FBXImporter/DeltaGenUVEdit.uasset" 191
"../../Plugins/Enterprise/DatasmithContent/Content/Materials/FBXImporter/DeltaGenBase.uasset" 192
"../../Plugins/Enterprise/DatasmithContent/Content/Materials/FBXImporter/DeltaGenMaster.uasset" 193
"../../Plugins/Enterprise/DatasmithContent/Content/Materials/FBXImporter/DeltaGenMasterTransparent.uasset" 194
"../../Plugins/Enterprise/DatasmithContent/Content/Materials/FBXImporter/VRED/VREDRepeatMode.uasset" 195
"../../../Engine/Content/Functions/Engine_MaterialFunctions02/WorldPositionOffset/LocalPosition.uasset" 196
"../../Plugins/Enterprise/DatasmithContent/Content/Materials/FBXImporter/VRED/PlanarMapping.uasset" 197
"../../../Engine/Content/Functions/Engine_MaterialFunctions02/Utility/MakeFloat3.uasset" 198
"../../Plugins/Enterprise/DatasmithContent/Content/Materials/FBXImporter/VRED/ProcessNormal.uasset" 199
"../../../Engine/Content/Functions/Engine_MaterialFunctions02/Utility/MakeFloat2.uasset" 200
"../../../Engine/Content/Functions/Engine_MaterialFunctions02/Utility/VectorLength.uasset" 201
"../../../Engine/Content/Functions/Engine_MaterialFunctions02/WorldPositionOffset/ObjectScale.uasset" 202
"../../Plugins/Enterprise/DatasmithContent/Content/Materials/FBXImporter/VRED/TriplanarMapping.uasset" 203
"../../Plugins/Enterprise/DatasmithContent/Content/Materials/FBXImporter/VRED/UVMapping.uasset" 204
"../../Plugins/Enterprise/DatasmithContent/Content/Materials/FBXImporter/VRED/VREDTextureRead.uasset" 205
"../../../Engine/Content/Functions/Engine_MaterialFunctions01/Texturing/BakedDisplacement.uasset" 206
"../../../Engine/Content/Functions/Engine_MaterialFunctions02/Fresnel_Function.uasset" 207
"../../../Engine/Content/Functions/MaterialLayerFunctions/MatLayerBlend_Simple.uasset" 208
"../../Plugins/Enterprise/DatasmithContent/Content/Materials/FBXImporter/VRED/BrushedMetal.uasset" 209
"../../Plugins/Enterprise/DatasmithContent/Content/Materials/FBXImporter/VRED/Chrome.uasset" 210
"../../../Engine/Content/Functions/Engine_MaterialFunctions01/Texturing/ComputeMipLevel.uasset" 211
"../../../Engine/Content/Functions/Engine_MaterialFunctions01/Texturing/TextureCropping.uasset" 212
"../../../Engine/Content/Functions/Engine_MaterialFunctions02/Utility/BreakOutFloat3Components.uasset" 213
"../../../Engine/Content/Functions/Engine_MaterialFunctions02/ExampleContent/DebugNumberStrip.uasset" 214
"../../../Engine/Content/Functions/Engine_MaterialFunctions02/ExampleContent/Textures/DebugNumberPeriod.uasset" 215
"../../../Engine/Content/Functions/Engine_MaterialFunctions02/Utility/DebugScalarValues.uasset" 216
"../../../Engine/Content/Functions/Engine_MaterialFunctions02/Utility/DebugFloat3Values.uasset" 217
"../../../Engine/Content/Functions/Engine_MaterialFunctions02/Math/RGBtoHSV.uasset" 218
"../../Plugins/Enterprise/DatasmithContent/Content/Materials/FBXImporter/VRED/Glass.uasset" 219
"../../Plugins/Enterprise/DatasmithContent/Content/Materials/FBXImporter/VRED/Phong.uasset" 220
"../../Plugins/Enterprise/DatasmithContent/Content/Materials/FBXImporter/VRED/Plastic.uasset" 221
"../../../Engine/Content/Functions/MaterialLayerFunctions/MatLayerBlend_Standard.uasset" 222
"../../../Engine/Content/EditorShapes/Textures/T_ShapeNormal.uasset" 223
"../../Plugins/Enterprise/DatasmithContent/Content/Materials/FBXImporter/VRED/UnicolorCarpaint.uasset" 224
"../../Plugins/FX/Niagara/Content/Enums/ENiagaraBooleanLogicOps.uasset" 225
"../../Plugins/FX/Niagara/Content/Enums/ENiagaraCoordinateSpace.uasset" 226
"../../Plugins/FX/Niagara/Content/Enums/ENiagaraExpansionMode.uasset" 227
"../../Plugins/FX/Niagara/Content/Enums/ENiagaraOrientationAxis.uasset" 228
"../../Plugins/FX/Niagara/Content/Enums/ENiagaraRandomnessMode.uasset" 229
"../../../Engine/Content/Functions/Engine_MaterialFunctions02/Utility/BreakOutFloat4Components.uasset" 230
"../../Plugins/Runtime/Oculus/OculusVR/Content/Materials/OculusMR_ChromaKey.uasset" 231
"../../Plugins/Runtime/Oculus/OculusVR/Content/Materials/OculusMR_ChromaKey_Lit.uasset" 232
"../../Plugins/Runtime/Oculus/OculusVR/Content/Materials/OculusMR_OpaqueColoredMaterial.uasset" 233
"../../Plugins/Runtime/Oculus/OculusVR/Content/Materials/OculusMR_WhiteMaterial.uasset" 234
"../../../Engine/Content/EngineResources/DefaultTexture.uasset" 235
"../../../../../../Users/vanz7/Documents/workspace/IOTChess/Content/Asset/Glass_Black.uasset" 236
"../../../../../../Users/vanz7/Documents/workspace/IOTChess/Content/Asset/Glass_White.uasset" 237
"../../../../../../Users/vanz7/Documents/workspace/IOTChess/Content/Blueprint/SelectFigure.uasset" 238
"../../../../../../Users/vanz7/Documents/workspace/IOTChess/Content/Blueprint/board.uasset" 239
"../../../../../../Users/vanz7/Documents/workspace/IOTChess/Content/Blueprint/GameController.uasset" 240
"../../../../../../Users/vanz7/Documents/workspace/IOTChess/Content/Blueprint/ChessMode.uasset" 241
"../../../../../../Users/vanz7/Documents/workspace/IOTChess/Content/GameMap_BuiltData.uasset" 242
"../../../../../../Users/vanz7/Documents/workspace/IOTChess/Content/GameMap.umap" 243
"../../../Engine/Content/Maps/Entry_BuiltData.uasset" 244
"../../../Engine/Content/Maps/Entry.umap" 245
